<testsuites name="jest tests" tests="0" failures="0" time="18.587">
</testsuites>